<?xml version="1.0" encoding="utf-8"?><testsuites name="pytest tests"><testsuite name="pytest" errors="0" failures="0" skipped="0" tests="44" time="10.745" timestamp="2026-03-01T08:18:15.777741+00:00" hostname="agent-env-b0c01bc2-5c54-4958-aab5-fb0e1b8cd824"><testcase classname="backend.tests.test_bar_stock_api.TestHealthAndBasics" name="test_api_accessible" time="0.134" /><testcase classname="backend.tests.test_bar_stock_api.TestHealthAndBasics" name="test_items_list_returns_data" time="0.107" /><testcase classname="backend.tests.test_bar_stock_api.TestItemsEndpoints" name="test_get_items" time="0.107" /><testcase classname="backend.tests.test_bar_stock_api.TestItemsEndpoints" name="test_item_has_sale_price_field" time="0.144" /><testcase classname="backend.tests.test_bar_stock_api.TestItemsEndpoints" name="test_create_item" time="0.242" /><testcase classname="backend.tests.test_bar_stock_api.TestItemsEndpoints" name="test_update_item_sale_price" time="0.295" /><testcase classname="backend.tests.test_bar_stock_api.TestStockCountsEndpoints" name="test_get_stock_counts" time="0.096" /><testcase classname="backend.tests.test_bar_stock_api.TestStockCountsEndpoints" name="test_stock_count_structure" time="0.100" /><testcase classname="backend.tests.test_bar_stock_api.TestStockSessionsEndpoints" name="test_get_sessions" time="0.109" /><testcase classname="backend.tests.test_bar_stock_api.TestStockSessionsEndpoints" name="test_session_counts_endpoint" time="0.216" /><testcase classname="backend.tests.test_bar_stock_api.TestSubCategoryField" name="test_item_sub_category_field_exists" time="0.109" /><testcase classname="backend.tests.test_bar_stock_api.TestSubCategoryField" name="test_create_item_with_sub_category" time="0.305" /><testcase classname="backend.tests.test_iteration5_features.TestBidirectionalCostCalculation" name="test_unit_to_case_calculation" time="0.301" /><testcase classname="backend.tests.test_iteration5_features.TestBidirectionalCostCalculation" name="test_case_to_unit_calculation" time="0.296" /><testcase classname="backend.tests.test_iteration5_features.TestBidirectionalCostCalculation" name="test_no_calculation_when_both_set" time="0.318" /><testcase classname="backend.tests.test_iteration5_features.TestDecimalRounding" name="test_cost_per_unit_rounded_to_1_decimal" time="0.305" /><testcase classname="backend.tests.test_iteration5_features.TestDecimalRounding" name="test_cost_per_case_rounded_to_1_decimal" time="0.301" /><testcase classname="backend.tests.test_iteration5_features.TestDecimalRounding" name="test_sale_price_rounded_to_1_decimal" time="0.308" /><testcase classname="backend.tests.test_iteration5_features.TestDecimalRounding" name="test_auto_calculated_cost_is_rounded" time="0.315" /><testcase classname="backend.tests.test_iteration5_features.TestRecipeCRUD" name="test_create_recipe" time="0.210" /><testcase classname="backend.tests.test_iteration5_features.TestRecipeCRUD" name="test_get_recipes" time="0.098" /><testcase classname="backend.tests.test_iteration5_features.TestRecipeCRUD" name="test_update_recipe" time="0.303" /><testcase classname="backend.tests.test_iteration5_features.TestRecipeCRUD" name="test_delete_recipe" time="0.300" /><testcase classname="backend.tests.test_iteration5_features.TestRecipeWithIngredients" name="test_create_recipe_with_ingredients" time="0.457" /><testcase classname="backend.tests.test_new_features.TestUnitPriceRounding" name="test_create_item_cost_per_case_auto_calculated" time="0.203" /><testcase classname="backend.tests.test_new_features.TestUnitPriceRounding" name="test_update_item_cost_per_unit_triggers_recalculation" time="0.315" /><testcase classname="backend.tests.test_new_features.TestUnitPriceRounding" name="test_rounding_to_nearest_tenth" time="0.627" /><testcase classname="backend.tests.test_new_features.TestBatchSortOrderAPI" name="test_batch_sort_order_endpoint_exists" time="0.195" /><testcase classname="backend.tests.test_new_features.TestBatchSortOrderAPI" name="test_batch_sort_order_persists" time="0.735" /><testcase classname="backend.tests.test_new_features.TestSortOrderField" name="test_item_has_sort_order_field" time="0.107" /><testcase classname="backend.tests.test_new_features.TestSortOrderField" name="test_create_item_with_sort_order" time="0.204" /><testcase classname="backend.tests.test_recipes_and_sorting.TestRecipeCRUD" name="test_get_recipes_endpoint_exists" time="0.106" /><testcase classname="backend.tests.test_recipes_and_sorting.TestRecipeCRUD" name="test_create_recipe_basic" time="0.214" /><testcase classname="backend.tests.test_recipes_and_sorting.TestRecipeCRUD" name="test_create_recipe_with_fixed_costs" time="0.211" /><testcase classname="backend.tests.test_recipes_and_sorting.TestRecipeCRUD" name="test_create_recipe_with_ingredients" time="0.298" /><testcase classname="backend.tests.test_recipes_and_sorting.TestRecipeCRUD" name="test_update_recipe" time="0.303" /><testcase classname="backend.tests.test_recipes_and_sorting.TestRecipeCRUD" name="test_delete_recipe" time="0.418" /><testcase classname="backend.tests.test_recipes_and_sorting.TestRecipeCRUD" name="test_delete_nonexistent_recipe_returns_404" time="0.101" /><testcase classname="backend.tests.test_recipes_and_sorting.TestRecipeCRUD" name="test_update_nonexistent_recipe_returns_404" time="0.094" /><testcase classname="backend.tests.test_recipes_and_sorting.TestRecipeCostCalculation" name="test_recipe_cost_with_single_ingredient" time="0.317" /><testcase classname="backend.tests.test_recipes_and_sorting.TestItemProfitFields" name="test_create_item_with_sale_price" time="0.231" /><testcase classname="backend.tests.test_recipes_and_sorting.TestItemProfitFields" name="test_filter_items_with_sale_price" time="0.111" /><testcase classname="backend.tests.test_recipes_and_sorting.TestRecipeModels" name="test_recipe_ingredient_model" time="0.203" /><testcase classname="backend.tests.test_recipes_and_sorting.TestRecipeModels" name="test_recipe_fixed_cost_model" time="0.201" /></testsuite></testsuites>