<?xml version="1.0" encoding="utf-8"?><testsuites name="pytest tests"><testsuite name="pytest" errors="0" failures="0" skipped="0" tests="12" time="3.810" timestamp="2026-03-01T08:15:38.276618+00:00" hostname="agent-env-b0c01bc2-5c54-4958-aab5-fb0e1b8cd824"><testcase classname="backend.tests.test_iteration5_features.TestBidirectionalCostCalculation" name="test_unit_to_case_calculation" time="0.518" /><testcase classname="backend.tests.test_iteration5_features.TestBidirectionalCostCalculation" name="test_case_to_unit_calculation" time="0.337" /><testcase classname="backend.tests.test_iteration5_features.TestBidirectionalCostCalculation" name="test_no_calculation_when_both_set" time="0.315" /><testcase classname="backend.tests.test_iteration5_features.TestDecimalRounding" name="test_cost_per_unit_rounded_to_1_decimal" time="0.293" /><testcase classname="backend.tests.test_iteration5_features.TestDecimalRounding" name="test_cost_per_case_rounded_to_1_decimal" time="0.320" /><testcase classname="backend.tests.test_iteration5_features.TestDecimalRounding" name="test_sale_price_rounded_to_1_decimal" time="0.297" /><testcase classname="backend.tests.test_iteration5_features.TestDecimalRounding" name="test_auto_calculated_cost_is_rounded" time="0.298" /><testcase classname="backend.tests.test_iteration5_features.TestRecipeCRUD" name="test_create_recipe" time="0.217" /><testcase classname="backend.tests.test_iteration5_features.TestRecipeCRUD" name="test_get_recipes" time="0.093" /><testcase classname="backend.tests.test_iteration5_features.TestRecipeCRUD" name="test_update_recipe" time="0.325" /><testcase classname="backend.tests.test_iteration5_features.TestRecipeCRUD" name="test_delete_recipe" time="0.300" /><testcase classname="backend.tests.test_iteration5_features.TestRecipeWithIngredients" name="test_create_recipe_with_ingredients" time="0.430" /></testsuite></testsuites>