<?xml version="1.0" encoding="utf-8"?><testsuites name="pytest tests"><testsuite name="pytest" errors="0" failures="0" skipped="0" tests="19" time="4.473" timestamp="2026-03-01T06:31:50.281175+00:00" hostname="agent-env-b0c01bc2-5c54-4958-aab5-fb0e1b8cd824"><testcase classname="backend.tests.test_bar_stock_api.TestHealthAndBasics" name="test_api_accessible" time="0.117" /><testcase classname="backend.tests.test_bar_stock_api.TestHealthAndBasics" name="test_items_list_returns_data" time="0.103" /><testcase classname="backend.tests.test_bar_stock_api.TestItemsEndpoints" name="test_get_items" time="0.106" /><testcase classname="backend.tests.test_bar_stock_api.TestItemsEndpoints" name="test_item_has_sale_price_field" time="0.101" /><testcase classname="backend.tests.test_bar_stock_api.TestItemsEndpoints" name="test_create_item" time="0.219" /><testcase classname="backend.tests.test_bar_stock_api.TestItemsEndpoints" name="test_update_item_sale_price" time="0.346" /><testcase classname="backend.tests.test_bar_stock_api.TestStockCountsEndpoints" name="test_get_stock_counts" time="0.106" /><testcase classname="backend.tests.test_bar_stock_api.TestStockCountsEndpoints" name="test_stock_count_structure" time="0.104" /><testcase classname="backend.tests.test_bar_stock_api.TestStockSessionsEndpoints" name="test_get_sessions" time="0.106" /><testcase classname="backend.tests.test_bar_stock_api.TestStockSessionsEndpoints" name="test_session_counts_endpoint" time="0.202" /><testcase classname="backend.tests.test_bar_stock_api.TestSubCategoryField" name="test_item_sub_category_field_exists" time="0.106" /><testcase classname="backend.tests.test_bar_stock_api.TestSubCategoryField" name="test_create_item_with_sub_category" time="0.319" /><testcase classname="backend.tests.test_new_features.TestUnitPriceRounding" name="test_create_item_cost_per_case_auto_calculated" time="0.224" /><testcase classname="backend.tests.test_new_features.TestUnitPriceRounding" name="test_update_item_cost_per_unit_triggers_recalculation" time="0.293" /><testcase classname="backend.tests.test_new_features.TestUnitPriceRounding" name="test_rounding_to_nearest_tenth" time="0.733" /><testcase classname="backend.tests.test_new_features.TestBatchSortOrderAPI" name="test_batch_sort_order_endpoint_exists" time="0.216" /><testcase classname="backend.tests.test_new_features.TestBatchSortOrderAPI" name="test_batch_sort_order_persists" time="0.708" /><testcase classname="backend.tests.test_new_features.TestSortOrderField" name="test_item_has_sort_order_field" time="0.107" /><testcase classname="backend.tests.test_new_features.TestSortOrderField" name="test_create_item_with_sort_order" time="0.201" /></testsuite></testsuites>