<?xml version="1.0" encoding="utf-8"?><testsuites name="pytest tests"><testsuite name="pytest" errors="0" failures="0" skipped="0" tests="32" time="7.226" timestamp="2026-03-01T07:41:17.158618+00:00" hostname="agent-env-b0c01bc2-5c54-4958-aab5-fb0e1b8cd824"><testcase classname="backend.tests.test_bar_stock_api.TestHealthAndBasics" name="test_api_accessible" time="0.135" /><testcase classname="backend.tests.test_bar_stock_api.TestHealthAndBasics" name="test_items_list_returns_data" time="0.108" /><testcase classname="backend.tests.test_bar_stock_api.TestItemsEndpoints" name="test_get_items" time="0.110" /><testcase classname="backend.tests.test_bar_stock_api.TestItemsEndpoints" name="test_item_has_sale_price_field" time="0.100" /><testcase classname="backend.tests.test_bar_stock_api.TestItemsEndpoints" name="test_create_item" time="0.201" /><testcase classname="backend.tests.test_bar_stock_api.TestItemsEndpoints" name="test_update_item_sale_price" time="0.304" /><testcase classname="backend.tests.test_bar_stock_api.TestStockCountsEndpoints" name="test_get_stock_counts" time="0.106" /><testcase classname="backend.tests.test_bar_stock_api.TestStockCountsEndpoints" name="test_stock_count_structure" time="0.100" /><testcase classname="backend.tests.test_bar_stock_api.TestStockSessionsEndpoints" name="test_get_sessions" time="0.105" /><testcase classname="backend.tests.test_bar_stock_api.TestStockSessionsEndpoints" name="test_session_counts_endpoint" time="0.207" /><testcase classname="backend.tests.test_bar_stock_api.TestSubCategoryField" name="test_item_sub_category_field_exists" time="0.240" /><testcase classname="backend.tests.test_bar_stock_api.TestSubCategoryField" name="test_create_item_with_sub_category" time="0.323" /><testcase classname="backend.tests.test_new_features.TestUnitPriceRounding" name="test_create_item_cost_per_case_auto_calculated" time="0.212" /><testcase classname="backend.tests.test_new_features.TestUnitPriceRounding" name="test_update_item_cost_per_unit_triggers_recalculation" time="0.303" /><testcase classname="backend.tests.test_new_features.TestUnitPriceRounding" name="test_rounding_to_nearest_tenth" time="0.601" /><testcase classname="backend.tests.test_new_features.TestBatchSortOrderAPI" name="test_batch_sort_order_endpoint_exists" time="0.223" /><testcase classname="backend.tests.test_new_features.TestBatchSortOrderAPI" name="test_batch_sort_order_persists" time="0.697" /><testcase classname="backend.tests.test_new_features.TestSortOrderField" name="test_item_has_sort_order_field" time="0.104" /><testcase classname="backend.tests.test_new_features.TestSortOrderField" name="test_create_item_with_sort_order" time="0.235" /><testcase classname="backend.tests.test_recipes_and_sorting.TestRecipeCRUD" name="test_get_recipes_endpoint_exists" time="0.098" /><testcase classname="backend.tests.test_recipes_and_sorting.TestRecipeCRUD" name="test_create_recipe_basic" time="0.201" /><testcase classname="backend.tests.test_recipes_and_sorting.TestRecipeCRUD" name="test_create_recipe_with_fixed_costs" time="0.203" /><testcase classname="backend.tests.test_recipes_and_sorting.TestRecipeCRUD" name="test_create_recipe_with_ingredients" time="0.316" /><testcase classname="backend.tests.test_recipes_and_sorting.TestRecipeCRUD" name="test_update_recipe" time="0.291" /><testcase classname="backend.tests.test_recipes_and_sorting.TestRecipeCRUD" name="test_delete_recipe" time="0.412" /><testcase classname="backend.tests.test_recipes_and_sorting.TestRecipeCRUD" name="test_delete_nonexistent_recipe_returns_404" time="0.101" /><testcase classname="backend.tests.test_recipes_and_sorting.TestRecipeCRUD" name="test_update_nonexistent_recipe_returns_404" time="0.099" /><testcase classname="backend.tests.test_recipes_and_sorting.TestRecipeCostCalculation" name="test_recipe_cost_with_single_ingredient" time="0.309" /><testcase classname="backend.tests.test_recipes_and_sorting.TestItemProfitFields" name="test_create_item_with_sale_price" time="0.204" /><testcase classname="backend.tests.test_recipes_and_sorting.TestItemProfitFields" name="test_filter_items_with_sale_price" time="0.106" /><testcase classname="backend.tests.test_recipes_and_sorting.TestRecipeModels" name="test_recipe_ingredient_model" time="0.215" /><testcase classname="backend.tests.test_recipes_and_sorting.TestRecipeModels" name="test_recipe_fixed_cost_model" time="0.195" /></testsuite></testsuites>